Determining if the pthread_create exist failed with the following output:
Change Dir: /home/marc/CLionProjects/bomberman_cross_1/cmake-build-debug/CMakeFiles/CMakeTmp

Run Build Command:"/usr/bin/make" "cmTC_98063/fast"
/usr/bin/make -f CMakeFiles/cmTC_98063.dir/build.make CMakeFiles/cmTC_98063.dir/build
make[1]: Entering directory '/home/marc/CLionProjects/bomberman_cross_1/cmake-build-debug/CMakeFiles/CMakeTmp'
Building C object CMakeFiles/cmTC_98063.dir/CheckSymbolExists.c.o
/usr/bin/cc    -o CMakeFiles/cmTC_98063.dir/CheckSymbolExists.c.o   -c /home/marc/CLionProjects/bomberman_cross_1/cmake-build-debug/CMakeFiles/CMakeTmp/CheckSymbolExists.c
Linking C executable cmTC_98063
/home/marc/clion-2018.1/bin/cmake/bin/cmake -E cmake_link_script CMakeFiles/cmTC_98063.dir/link.txt --verbose=1
/usr/bin/cc      CMakeFiles/cmTC_98063.dir/CheckSymbolExists.c.o  -o cmTC_98063 
CMakeFiles/cmTC_98063.dir/CheckSymbolExists.c.o: dans la fonction « main »:
CheckSymbolExists.c:(.text+0x16): référence indéfinie vers « pthread_create »
collect2: error: ld returned 1 exit status
CMakeFiles/cmTC_98063.dir/build.make:97: recipe for target 'cmTC_98063' failed
make[1]: *** [cmTC_98063] Error 1
make[1]: Leaving directory '/home/marc/CLionProjects/bomberman_cross_1/cmake-build-debug/CMakeFiles/CMakeTmp'
Makefile:126: recipe for target 'cmTC_98063/fast' failed
make: *** [cmTC_98063/fast] Error 2

File /home/marc/CLionProjects/bomberman_cross_1/cmake-build-debug/CMakeFiles/CMakeTmp/CheckSymbolExists.c:
/* */
#include <pthread.h>

int main(int argc, char** argv)
{
  (void)argv;
#ifndef pthread_create
  return ((int*)(&pthread_create))[argc];
#else
  (void)argc;
  return 0;
#endif
}

Determining if the function pthread_create exists in the pthreads failed with the following output:
Change Dir: /home/marc/CLionProjects/bomberman_cross_1/cmake-build-debug/CMakeFiles/CMakeTmp

Run Build Command:"/usr/bin/make" "cmTC_8b939/fast"
/usr/bin/make -f CMakeFiles/cmTC_8b939.dir/build.make CMakeFiles/cmTC_8b939.dir/build
make[1]: Entering directory '/home/marc/CLionProjects/bomberman_cross_1/cmake-build-debug/CMakeFiles/CMakeTmp'
Building C object CMakeFiles/cmTC_8b939.dir/CheckFunctionExists.c.o
/usr/bin/cc   -DCHECK_FUNCTION_EXISTS=pthread_create   -o CMakeFiles/cmTC_8b939.dir/CheckFunctionExists.c.o   -c /home/marc/clion-2018.1/bin/cmake/share/cmake-3.10/Modules/CheckFunctionExists.c
Linking C executable cmTC_8b939
/home/marc/clion-2018.1/bin/cmake/bin/cmake -E cmake_link_script CMakeFiles/cmTC_8b939.dir/link.txt --verbose=1
/usr/bin/cc  -DCHECK_FUNCTION_EXISTS=pthread_create    CMakeFiles/cmTC_8b939.dir/CheckFunctionExists.c.o  -o cmTC_8b939 -lpthreads 
/usr/bin/ld: ne peut trouver -lpthreads
collect2: error: ld returned 1 exit status
CMakeFiles/cmTC_8b939.dir/build.make:97: recipe for target 'cmTC_8b939' failed
make[1]: *** [cmTC_8b939] Error 1
make[1]: Leaving directory '/home/marc/CLionProjects/bomberman_cross_1/cmake-build-debug/CMakeFiles/CMakeTmp'
Makefile:126: recipe for target 'cmTC_8b939/fast' failed
make: *** [cmTC_8b939/fast] Error 2


